[2018-06-05T18:38:47.468] [INFO] server.js - Server is running at port: 3000
[2018-06-05T18:39:42.560] [INFO] db.js - Mongoose default connection disconnected through app termination
[2018-06-05T18:39:48.858] [INFO] server.js - Server is running at port: 3000
[2018-06-05T18:39:49.956] [INFO] db.js - Connected
[2018-06-05T20:04:07.524] [INFO] server.js - Server is running at port: 3000
[2018-06-05T20:04:08.798] [INFO] db.js - Connected
[2018-06-06T09:39:12.508] [INFO] server.js - Server is running at port: 3000
[2018-06-06T09:39:13.937] [INFO] db.js - Connected
[2018-06-06T11:14:20.792] [INFO] db.js - Mongoose default connection disconnected through app termination
[2018-06-06T11:17:15.998] [INFO] server.js - Server is running at port: 3000
[2018-06-06T11:17:17.135] [INFO] db.js - Connected
[2018-06-06T12:49:05.778] [INFO] db.js - Mongoose default connection disconnected through app termination
[2018-06-06T12:50:07.531] [INFO] server.js - Server is running at port: 3000
[2018-06-06T12:50:08.818] [INFO] db.js - Connected
[2018-06-06T14:30:02.469] [INFO] db.js - Mongoose default connection disconnected through app termination
[2018-06-06T14:30:13.397] [INFO] server.js - Server is running at port: 3000
[2018-06-06T14:30:14.445] [INFO] db.js - Connected
[2018-06-06T14:34:48.942] [INFO] db.js - Mongoose default connection disconnected through app termination
[2018-06-06T14:40:01.172] [INFO] server.js - Server is running at port: 3000
[2018-06-06T14:40:02.369] [INFO] db.js - Connected
[2018-06-06T16:47:42.034] [INFO] db.js - Mongoose default connection disconnected through app termination
[2018-06-06T16:48:32.048] [INFO] server.js - Server is running at port: 3000
[2018-06-06T16:48:33.612] [INFO] db.js - Connected
[2018-06-06T16:49:13.441] [INFO] db.js - Mongoose default connection disconnected through app termination
[2018-06-06T16:49:28.869] [INFO] server.js - Server is running at port: 3000
[2018-06-06T16:49:30.077] [INFO] db.js - Connected
[2018-06-06T16:56:04.670] [INFO] db.js - Mongoose default connection disconnected through app termination
[2018-06-06T16:56:20.639] [INFO] server.js - Server is running at port: 3000
[2018-06-06T16:56:21.827] [INFO] db.js - Connected
[2018-06-07T10:16:32.156] [INFO] server.js - Server is running at port: 3000
[2018-06-07T10:16:33.604] [INFO] db.js - Connected
[2018-06-07T18:38:39.301] [INFO] server.js - Server is running at port: 3000
[2018-06-07T18:38:40.638] [INFO] db.js - Connected
[2018-06-07T18:47:57.329] [INFO] server.js - Server is running at port: 3000
[2018-06-07T18:47:58.496] [INFO] db.js - Connected
[2018-06-07T18:49:17.372] [INFO] email.js - sendMail: Mail send successfully
[2018-06-07T18:52:44.305] [INFO] db.js - Mongoose default connection disconnected through app termination
[2018-06-07T18:52:59.568] [INFO] server.js - Server is running at port: 3000
[2018-06-07T18:53:00.686] [INFO] db.js - Connected
[2018-06-07T18:56:47.858] [INFO] db.js - Mongoose default connection disconnected through app termination
[2018-06-07T18:56:59.095] [INFO] server.js - Server is running at port: 3000
[2018-06-07T18:57:00.198] [INFO] db.js - Connected
[2018-06-07T18:58:02.316] [INFO] email.js - sendMail: Mail send successfully
[2018-06-07T19:05:03.603] [INFO] server.js - Server is running at port: 3000
[2018-06-07T19:05:04.639] [INFO] db.js - Connected
[2018-06-07T19:08:42.595] [INFO] server.js - Server is running at port: 3000
[2018-06-07T19:08:43.634] [INFO] db.js - Connected
[2018-06-07T19:09:47.985] [INFO] server.js - Server is running at port: 3000
[2018-06-07T19:09:49.024] [INFO] db.js - Connected
[2018-06-07T19:09:52.563] [ERROR] user.js - userLogin: user not found
[2018-06-07T19:12:43.725] [INFO] db.js - Mongoose default connection disconnected through app termination
[2018-06-07T19:12:53.091] [INFO] server.js - Server is running at port: 3000
[2018-06-07T19:12:54.382] [INFO] db.js - Connected
[2018-06-07T19:13:09.080] [INFO] server.js - Server is running at port: 3000
[2018-06-07T19:13:10.223] [INFO] db.js - Connected
[2018-06-07T19:18:00.169] [INFO] email.js - sendMail: Mail send successfully
[2018-06-07T19:18:41.587] [ERROR] user.js - userLogin: user not found
[2018-06-07T19:23:51.708] [INFO] db.js - Mongoose default connection disconnected through app termination
[2018-06-07T19:24:05.678] [INFO] server.js - Server is running at port: 3000
[2018-06-07T19:24:06.869] [INFO] db.js - Connected
[2018-06-07T19:26:06.043] [INFO] server.js - Server is running at port: 3000
[2018-06-07T19:26:07.214] [INFO] db.js - Connected
[2018-06-07T19:27:12.425] [INFO] email.js - sendMail: Mail send successfully
[2018-06-07T19:39:39.752] [INFO] db.js - Mongoose default connection disconnected through app termination
[2018-06-07T19:39:54.684] [INFO] server.js - Server is running at port: 3000
[2018-06-07T19:39:55.811] [INFO] db.js - Connected
[2018-06-07T19:43:31.602] [INFO] server.js - Server is running at port: 3000
[2018-06-07T19:43:32.675] [INFO] db.js - Connected
[2018-06-07T19:43:38.837] [INFO] db.js - Mongoose default connection disconnected through app termination
[2018-06-07T19:43:53.003] [INFO] server.js - Server is running at port: 3000
[2018-06-07T19:43:54.348] [INFO] db.js - Connected
[2018-06-07T19:49:25.528] [INFO] db.js - Mongoose default connection disconnected through app termination
[2018-06-07T19:49:39.474] [INFO] server.js - Server is running at port: 3000
[2018-06-07T19:49:40.630] [INFO] db.js - Connected
[2018-06-07T19:50:52.981] [INFO] email.js - sendMail: Mail send successfully
[2018-06-07T19:52:31.263] [ERROR] user.js - userRegister: error while registration due to: MongoError: E11000 duplicate key error collection: HB.users index: email_1 dup key: { : "hnath723@gmail.com" }
[2018-06-08T10:16:30.549] [INFO] server.js - Server is running at port: 3000
[2018-06-08T10:16:31.907] [INFO] db.js - Connected
[2018-06-08T11:23:58.369] [INFO] db.js - Mongoose default connection disconnected through app termination
[2018-06-08T11:24:47.527] [INFO] server.js - Server is running at port: 3000
[2018-06-08T11:24:49.327] [INFO] db.js - Connected
[2018-06-08T12:33:38.582] [INFO] db.js - Mongoose default connection disconnected through app termination
[2018-06-08T12:34:28.433] [INFO] server.js - Server is running at port: 3000
[2018-06-08T12:34:29.521] [INFO] db.js - Connected
[2018-06-08T12:40:07.777] [INFO] db.js - Mongoose default connection disconnected through app termination
[2018-06-08T12:40:52.345] [INFO] server.js - Server is running at port: 3000
[2018-06-08T12:40:53.431] [INFO] db.js - Connected
[2018-06-08T15:12:24.342] [INFO] db.js - Mongoose default connection disconnected through app termination
[2018-06-08T15:23:11.926] [INFO] server.js - Server is running at port: 3000
[2018-06-08T15:23:13.173] [INFO] db.js - Connected
[2018-06-08T15:28:35.778] [INFO] server.js - Server is running at port: 3000
[2018-06-08T15:28:36.999] [INFO] db.js - Connected
[2018-06-08T16:29:54.598] [INFO] db.js - Mongoose default connection disconnected through app termination
[2018-06-08T16:30:05.250] [INFO] server.js - Server is running at port: 3000
[2018-06-08T16:30:06.295] [INFO] db.js - Connected
[2018-06-08T16:39:30.034] [INFO] server.js - Server is running at port: 3000
[2018-06-08T16:39:31.213] [INFO] db.js - Connected
[2018-06-08T16:54:27.204] [INFO] email.js - sendMail: Mail send successfully
[2018-06-08T17:23:37.985] [INFO] server.js - Server is running at port: 3000
[2018-06-08T17:23:39.267] [INFO] db.js - Connected
[2018-06-08T18:58:30.434] [INFO] db.js - Mongoose default connection disconnected through app termination
[2018-06-08T18:58:48.721] [INFO] server.js - Server is running at port: 3000
[2018-06-08T18:58:49.910] [INFO] db.js - Connected
[2018-06-08T19:03:34.512] [INFO] email.js - sendMail: Mail send successfully
[2018-06-08T19:05:22.977] [ERROR] user.js - userActivate: error while updating user status: CastError: Cast to ObjectId failed for value "" at path "_id" for model "userCollection"
[2018-06-08T19:05:35.235] [ERROR] user.js - userActivate: error while updating user status: CastError: Cast to ObjectId failed for value "" at path "_id" for model "userCollection"
[2018-06-08T19:13:37.915] [INFO] db.js - Mongoose default connection disconnected through app termination
[2018-06-08T19:13:53.370] [INFO] server.js - Server is running at port: 3000
[2018-06-08T19:13:54.510] [INFO] db.js - Connected
[2018-06-08T19:19:26.309] [INFO] email.js - sendMail: Mail send successfully
[2018-06-11T10:11:23.132] [INFO] server.js - Server is running at port: 3000
[2018-06-11T10:11:24.847] [INFO] db.js - Connected
[2018-06-11T11:49:12.163] [INFO] server.js - Server is running at port: 3000
[2018-06-11T11:49:13.316] [INFO] db.js - Connected
[2018-06-11T11:50:00.825] [INFO] db.js - Mongoose default connection disconnected through app termination
[2018-06-11T11:50:06.967] [INFO] server.js - Server is running at port: 3000
[2018-06-11T11:50:08.032] [INFO] db.js - Connected
[2018-06-11T11:53:28.563] [INFO] db.js - Mongoose default connection disconnected through app termination
[2018-06-11T11:53:42.198] [INFO] server.js - Server is running at port: 3000
[2018-06-11T11:53:43.244] [INFO] db.js - Connected
[2018-06-11T15:37:58.927] [INFO] db.js - Mongoose default connection disconnected through app termination
[2018-06-11T15:38:25.309] [INFO] server.js - Server is running at port: 3000
[2018-06-11T15:38:26.353] [INFO] db.js - Connected
[2018-06-11T15:44:16.881] [INFO] db.js - Mongoose default connection disconnected through app termination
[2018-06-11T15:44:29.262] [INFO] server.js - Server is running at port: 3000
[2018-06-11T15:44:30.341] [INFO] db.js - Connected
[2018-06-11T15:56:39.751] [INFO] db.js - Mongoose default connection disconnected through app termination
[2018-06-11T15:56:54.157] [INFO] server.js - Server is running at port: 3000
[2018-06-11T15:56:55.378] [INFO] db.js - Connected
[2018-06-11T16:28:12.707] [INFO] db.js - Mongoose default connection disconnected through app termination
[2018-06-11T16:28:24.835] [INFO] server.js - Server is running at port: 3000
[2018-06-11T16:28:26.019] [INFO] db.js - Connected
[2018-06-11T16:36:42.143] [INFO] db.js - Mongoose default connection disconnected through app termination
[2018-06-11T16:36:53.619] [INFO] server.js - Server is running at port: 3000
[2018-06-11T16:36:54.739] [INFO] db.js - Connected
[2018-06-11T16:39:03.837] [INFO] db.js - Mongoose default connection disconnected through app termination
[2018-06-11T16:39:08.570] [INFO] server.js - Server is running at port: 3000
[2018-06-11T16:39:09.598] [INFO] db.js - Connected
[2018-06-11T16:39:59.305] [INFO] server.js - Server is running at port: 3000
[2018-06-11T16:40:00.338] [INFO] db.js - Connected
[2018-06-11T16:42:48.400] [INFO] db.js - Mongoose default connection disconnected through app termination
[2018-06-11T16:42:51.901] [INFO] server.js - Server is running at port: 3000
[2018-06-11T16:42:52.937] [INFO] db.js - Connected
[2018-06-11T16:44:17.018] [INFO] server.js - Server is running at port: 3000
[2018-06-11T16:44:18.053] [INFO] db.js - Connected
[2018-06-11T16:45:17.390] [INFO] db.js - Mongoose default connection disconnected through app termination
[2018-06-11T16:45:20.041] [INFO] server.js - Server is running at port: 3000
[2018-06-11T16:45:21.067] [INFO] db.js - Connected
[2018-06-11T16:45:57.549] [INFO] db.js - Mongoose default connection disconnected through app termination
[2018-06-11T16:46:18.183] [INFO] server.js - Server is running at port: 3000
[2018-06-11T16:46:19.232] [INFO] db.js - Connected
[2018-06-11T16:48:38.892] [INFO] db.js - Mongoose default connection disconnected through app termination
[2018-06-11T16:48:42.421] [INFO] server.js - Server is running at port: 3000
[2018-06-11T16:48:43.448] [INFO] db.js - Connected
[2018-06-11T16:51:12.926] [INFO] db.js - Mongoose default connection disconnected through app termination
[2018-06-11T16:51:16.515] [INFO] server.js - Server is running at port: 3000
[2018-06-11T16:51:17.545] [INFO] db.js - Connected
[2018-06-11T16:57:26.569] [INFO] db.js - Mongoose default connection disconnected through app termination
[2018-06-11T16:57:39.437] [INFO] server.js - Server is running at port: 3000
[2018-06-11T16:57:40.644] [INFO] db.js - Connected
[2018-06-11T17:17:30.938] [INFO] db.js - Mongoose default connection disconnected through app termination
[2018-06-11T17:17:44.933] [INFO] server.js - Server is running at port: 3000
[2018-06-11T17:17:46.034] [INFO] db.js - Connected
[2018-06-11T17:22:53.919] [INFO] db.js - Mongoose default connection disconnected through app termination
[2018-06-11T17:23:10.375] [INFO] server.js - Server is running at port: 3000
[2018-06-11T17:23:11.445] [INFO] db.js - Connected
[2018-06-11T17:25:57.973] [INFO] db.js - Mongoose default connection disconnected through app termination
[2018-06-11T17:26:12.470] [INFO] server.js - Server is running at port: 3000
[2018-06-11T17:26:13.631] [INFO] db.js - Connected
[2018-06-11T17:48:03.724] [INFO] db.js - Mongoose default connection disconnected through app termination
[2018-06-11T17:48:23.164] [INFO] server.js - Server is running at port: 3000
[2018-06-11T17:48:24.328] [INFO] db.js - Connected
[2018-06-11T17:57:52.384] [INFO] db.js - Mongoose default connection disconnected through app termination
[2018-06-11T17:58:05.856] [INFO] server.js - Server is running at port: 3000
[2018-06-11T17:58:07.079] [INFO] db.js - Connected
[2018-06-11T18:10:21.302] [INFO] server.js - Server is running at port: 3000
[2018-06-11T18:10:22.462] [INFO] db.js - Connected
[2018-06-11T18:23:51.204] [INFO] db.js - Mongoose default connection disconnected through app termination
[2018-06-11T18:24:03.890] [INFO] server.js - Server is running at port: 3000
[2018-06-11T18:24:05.072] [INFO] db.js - Connected
[2018-06-11T18:25:19.402] [INFO] db.js - Mongoose default connection disconnected through app termination
[2018-06-11T18:25:31.693] [INFO] server.js - Server is running at port: 3000
[2018-06-11T18:25:32.799] [INFO] db.js - Connected
[2018-06-11T18:29:23.560] [INFO] db.js - Mongoose default connection disconnected through app termination
[2018-06-11T18:29:37.620] [INFO] server.js - Server is running at port: 3000
[2018-06-11T18:29:38.917] [INFO] db.js - Connected
[2018-06-11T18:43:46.845] [INFO] db.js - Mongoose default connection disconnected through app termination
[2018-06-11T18:43:57.015] [INFO] server.js - Server is running at port: 3000
[2018-06-11T18:43:58.065] [INFO] db.js - Connected
[2018-06-11T18:46:35.484] [INFO] db.js - Mongoose default connection disconnected through app termination
[2018-06-11T18:46:47.431] [INFO] server.js - Server is running at port: 3000
[2018-06-11T18:46:48.782] [INFO] db.js - Connected
[2018-06-12T10:32:32.227] [INFO] server.js - Server is running at port: 3000
[2018-06-12T10:32:33.807] [INFO] db.js - Connected
[2018-06-12T11:46:41.184] [INFO] db.js - Mongoose default connection disconnected through app termination
[2018-06-12T11:47:21.209] [INFO] server.js - Server is running at port: 3000
[2018-06-12T11:47:22.290] [INFO] db.js - Connected
[2018-06-12T12:45:02.901] [INFO] server.js - Server is running at port: 3000
[2018-06-12T12:45:04.015] [INFO] db.js - Connected
[2018-06-12T12:45:43.695] [INFO] db.js - Mongoose default connection disconnected through app termination
[2018-06-12T12:46:28.109] [INFO] server.js - Server is running at port: 3000
[2018-06-12T12:46:29.337] [INFO] db.js - Connected
[2018-06-12T12:48:33.129] [INFO] db.js - Mongoose default connection disconnected through app termination
[2018-06-12T12:48:44.318] [INFO] server.js - Server is running at port: 3000
[2018-06-12T12:48:45.387] [INFO] db.js - Connected
[2018-06-12T12:54:59.248] [INFO] db.js - Mongoose default connection disconnected through app termination
[2018-06-12T12:55:16.854] [INFO] server.js - Server is running at port: 3000
[2018-06-12T12:55:18.032] [INFO] db.js - Connected
[2018-06-12T12:57:39.157] [INFO] db.js - Mongoose default connection disconnected through app termination
[2018-06-12T12:57:53.765] [INFO] server.js - Server is running at port: 3000
[2018-06-12T12:57:55.030] [INFO] db.js - Connected
[2018-06-12T13:02:32.021] [INFO] db.js - Mongoose default connection disconnected through app termination
[2018-06-12T13:04:32.800] [INFO] server.js - Server is running at port: 3000
[2018-06-12T13:04:33.874] [INFO] db.js - Connected
[2018-06-12T13:07:18.645] [INFO] db.js - Mongoose default connection disconnected through app termination
[2018-06-12T13:07:29.175] [INFO] server.js - Server is running at port: 3000
[2018-06-12T13:07:30.289] [INFO] db.js - Connected
[2018-06-12T14:28:09.872] [INFO] db.js - Mongoose default connection disconnected through app termination
[2018-06-12T14:28:33.032] [INFO] server.js - Server is running at port: 3000
[2018-06-12T14:28:34.072] [INFO] db.js - Connected
[2018-06-12T14:29:25.868] [INFO] db.js - Mongoose default connection disconnected through app termination
[2018-06-12T14:29:30.881] [INFO] server.js - Server is running at port: 3000
[2018-06-12T14:29:31.917] [INFO] db.js - Connected
[2018-06-12T14:30:13.093] [INFO] db.js - Mongoose default connection disconnected through app termination
[2018-06-12T14:30:24.343] [INFO] server.js - Server is running at port: 3000
[2018-06-12T14:30:25.379] [INFO] db.js - Connected
[2018-06-12T14:33:53.439] [INFO] db.js - Mongoose default connection disconnected through app termination
[2018-06-12T14:33:59.219] [INFO] server.js - Server is running at port: 3000
[2018-06-12T14:34:00.257] [INFO] db.js - Connected
[2018-06-12T14:44:57.802] [INFO] db.js - Mongoose default connection disconnected through app termination
[2018-06-12T14:47:49.226] [INFO] server.js - Server is running at port: 3000
[2018-06-12T14:47:50.268] [INFO] db.js - Connected
[2018-06-12T14:52:31.974] [INFO] db.js - Mongoose default connection disconnected through app termination
[2018-06-12T14:52:35.719] [INFO] server.js - Server is running at port: 3000
[2018-06-12T14:52:36.765] [INFO] db.js - Connected
[2018-06-12T14:54:18.356] [INFO] db.js - Mongoose default connection disconnected through app termination
[2018-06-12T14:54:22.214] [INFO] server.js - Server is running at port: 3000
[2018-06-12T14:54:23.261] [INFO] db.js - Connected
[2018-06-12T15:11:27.849] [INFO] db.js - Mongoose default connection disconnected through app termination
[2018-06-12T15:11:34.396] [INFO] server.js - Server is running at port: 3000
[2018-06-12T15:11:35.447] [INFO] db.js - Connected
[2018-06-12T15:20:25.246] [INFO] db.js - Mongoose default connection disconnected through app termination
[2018-06-12T15:20:36.227] [INFO] server.js - Server is running at port: 3000
[2018-06-12T15:20:37.268] [INFO] db.js - Connected
[2018-06-12T15:21:48.547] [INFO] db.js - Mongoose default connection disconnected through app termination
[2018-06-12T15:21:55.726] [INFO] server.js - Server is running at port: 3000
[2018-06-12T15:21:56.759] [INFO] db.js - Connected
[2018-06-12T15:42:04.802] [INFO] db.js - Mongoose default connection disconnected through app termination
[2018-06-12T15:42:09.526] [INFO] server.js - Server is running at port: 3000
[2018-06-12T15:42:10.665] [INFO] db.js - Connected
[2018-06-12T15:53:28.815] [INFO] db.js - Mongoose default connection disconnected through app termination
[2018-06-12T15:53:32.974] [INFO] server.js - Server is running at port: 3000
[2018-06-12T15:53:34.096] [INFO] db.js - Connected
[2018-06-12T15:53:42.274] [ERROR] user.js - userRegister: error while registration due to: ValidationError: name: Path `name` is required., email: Path `email` is required., username: Path `username` is required., password: Path `password` is required.
[2018-06-12T15:56:05.472] [INFO] server.js - Server is running at port: 3000
[2018-06-12T15:56:06.607] [INFO] db.js - Connected
[2018-06-12T15:57:24.792] [INFO] db.js - Mongoose default connection disconnected through app termination
[2018-06-12T15:57:29.349] [INFO] server.js - Server is running at port: 3000
[2018-06-12T15:57:30.663] [INFO] db.js - Connected
[2018-06-12T15:58:12.850] [INFO] db.js - Mongoose default connection disconnected through app termination
[2018-06-12T15:58:17.015] [INFO] server.js - Server is running at port: 3000
[2018-06-12T15:58:18.117] [INFO] db.js - Connected
[2018-06-12T15:58:35.272] [INFO] db.js - Mongoose default connection disconnected through app termination
[2018-06-12T15:58:39.405] [INFO] server.js - Server is running at port: 3000
[2018-06-12T15:58:40.583] [INFO] db.js - Connected
[2018-06-12T16:00:45.803] [INFO] db.js - Mongoose default connection disconnected through app termination
[2018-06-12T16:01:13.813] [INFO] server.js - Server is running at port: 3000
[2018-06-12T16:01:15.027] [INFO] db.js - Connected
[2018-06-12T16:03:30.151] [INFO] email.js - sendMail: Mail send successfully
[2018-06-12T16:09:13.740] [INFO] db.js - Mongoose default connection disconnected through app termination
[2018-06-12T16:10:06.465] [INFO] server.js - Server is running at port: 3000
[2018-06-12T16:10:07.617] [INFO] db.js - Connected
[2018-06-12T16:13:22.935] [INFO] email.js - sendMail: Mail send successfully
